Arguments: 
  /home/ajvideira/.nvm/versions/node/v14.15.4/bin/node /home/ajvideira/.nvm/versions/node/v14.15.4/bin/yarn add express

PATH: 
  /home/ajvideira/android/platform-tools:/home/ajvideira/android/tools/bin:/home/ajvideira/android/tools:/home/ajvideira/android/emulator:/home/ajvideira/.yarn/bin:/home/ajvideira/go/bin:/usr/local/go/bin:/home/ajvideira/.vscode-server/bin/6cba118ac49a1b88332f312a8f67186f7f3c1643/bin:/home/ajvideira/android/platform-tools:/home/ajvideira/android/tools/bin:/home/ajvideira/android/tools:/home/ajvideira/android/emulator:/home/ajvideira/.yarn/bin:/home/ajvideira/go/bin:/usr/local/go/bin:/home/ajvideira/.nvm/versions/node/v14.15.4/bin:/usr/local/sbin:/usr/local/bin:/usr/sbin:/usr/bin:/sbin:/bin:/usr/games:/usr/local/games:/usr/lib/wsl/lib:/mnt/c/Program Files/WindowsApps/Microsoft.WindowsTerminal_1.10.2714.0_x64__8wekyb3d8bbwe:/mnt/c/Python39/Scripts/:/mnt/c/Python39/:/mnt/c/Program Files (x86)/Intel/Intel(R) Management Engine Components/iCLS/:/mnt/c/Program Files/Intel/Intel(R) Management Engine Components/iCLS/:/mnt/c/WINDOWS/system32:/mnt/c/WINDOWS:/mnt/c/WINDOWS/System32/Wbem:/mnt/c/WINDOWS/System32/WindowsPowerShell/v1.0/:/mnt/c/WINDOWS/System32/OpenSSH/:/mnt/c/Program Files (x86)/Intel/Intel(R) Management Engine Components/DAL:/mnt/c/Program Files/Intel/Intel(R) Management Engine Components/DAL:/mnt/c/Program Files/Java/openjdk-11.0.10_9/bin:/mnt/c/ProgramData/chocolatey/bin:/mnt/c/Program Files/Microsoft VS Code/bin:/mnt/c/Program Files/SafeNet/Authentication/SAC/x64:/mnt/c/Program Files/SafeNet/Authentication/SAC/x32:/mnt/c/Users/jonat/AppData/Local/Android/Sdk/platform-tools:/mnt/c/Users/jonat/go/bin:/mnt/c/Program Files/nodejs/:/mnt/c/Users/jonat/AppData/Local/Yarn/bin:/mnt/c/Users/jonat/Programas/eclipse:/mnt/c/Program Files/Go/bin:/mnt/c/Program Files/Git/cmd:/mnt/c/Users/jonat/Programas/apache-maven-3.8.2/bin:/mnt/c/Program Files/Docker/Docker/resources/bin:/mnt/c/ProgramData/DockerDesktop/version-bin:/mnt/c/Users/jonat/.windows-build-tools/python27/:/mnt/c/Users/jonat/AppData/Local/Microsoft/WindowsApps:/mnt/c/Program Files/heroku/bin:/mnt/c/Users/jonat/go/bin:/mnt/c/Users/jonat/AppData/Roaming/npm:/mnt/c/Users/jonat/AppData/Local/Android/Sdk/emulator:/mnt/c/Users/jonat/AppData/Local/Android/Sdk/tools:/mnt/c/Users/jonat/AppData/Local/Android/Sdk/tools/bin:/mnt/c/Users/jonat/AppData/Local/Android/Sdk/platform-tools:/mnt/c/Users/jonat/flutter/bin:/mnt/c/Users/jonat/AppData/Local/Microsoft/WindowsApps:/mnt/c/Users/jonat/go/bin

Yarn version: 
  1.22.10

Node version: 
  14.15.4

Platform: 
  linux x64

Trace: 
  Error: getaddrinfo EAI_AGAIN registry.yarnpkg.com
      at GetAddrInfoReqWrap.onlookup [as oncomplete] (dns.js:67:26)

npm manifest: 
  {
    "name": "node-api",
    "version": "1.0.0",
    "main": "index.js",
    "license": "MIT"
  }

yarn manifest: 
  No manifest

Lockfile: 
  No lockfile
